--
-- Test the planner's ability to produce different kinds of plans to implement
-- grouping and aggregation.
--
drop table if exists olap_test;
NOTICE:  table "olap_test" does not exist, skipping
drop table if exists olap_test_single;
NOTICE:  table "olap_test_single" does not exist, skipping
create table olap_test(a int4, b int4, c int4, d int4) distributed by (a, b);
insert into olap_test select g / 5000, g / 1000, g / 500, g from generate_series(1, 10000) g;
analyze olap_test;
create table olap_test_single(a int4, b int4, c int4, d int4) distributed by (a);
insert into olap_test_single select g / 5000, g / 1000, g / 500, g from generate_series(1, 10000) g;
analyze olap_test_single;
-- If the GROUP BY is a superset of the table's distribution keys, the
-- aggregation can be independently in segments, and just gather the
-- results. (1-phase agg)
explain select a, b, sum(d) from olap_test group by a, b;
                                   QUERY PLAN                                   
--------------------------------------------------------------------------------
 Gather Motion 3:1  (slice1; segments: 3)  (cost=0.00..431.97 rows=12 width=16)
   ->  HashAggregate  (cost=0.00..431.97 rows=4 width=16)
         Group Key: a, b
         ->  Seq Scan on olap_test  (cost=0.00..431.08 rows=3334 width=12)
 Optimizer: Pivotal Optimizer (GPORCA) version 3.79.1
(5 rows)

select a, b, sum(d) from olap_test group by a, b;
 a | b  |   sum   
---+----+---------
 1 |  6 | 6499500
 0 |  2 | 2499500
 0 |  1 | 1499500
 1 |  5 | 5499500
 1 |  8 | 8499500
 1 |  9 | 9499500
 0 |  3 | 3499500
 1 |  7 | 7499500
 0 |  0 |  499500
 2 | 10 |   10000
 0 |  4 | 4499500
(11 rows)

explain select a, b, c, sum(d) from olap_test group by a, b, c;
                                   QUERY PLAN                                    
---------------------------------------------------------------------------------
 Gather Motion 3:1  (slice1; segments: 3)  (cost=0.00..432.41 rows=113 width=20)
   ->  HashAggregate  (cost=0.00..432.41 rows=38 width=20)
         Group Key: a, b, c
         ->  Seq Scan on olap_test  (cost=0.00..431.08 rows=3334 width=16)
 Optimizer: Pivotal Optimizer (GPORCA) version 3.79.1
(5 rows)

select a, b, c, sum(d) from olap_test group by a, b, c;
 a | b  | c  |   sum   
---+----+----+---------
 1 |  6 | 13 | 3374750
 1 |  6 | 12 | 3124750
 0 |  2 |  4 | 1124750
 1 |  5 | 11 | 2874750
 1 |  5 | 10 | 2624750
 0 |  2 |  5 | 1374750
 0 |  1 |  2 |  624750
 0 |  1 |  3 |  874750
 0 |  4 |  8 | 2124750
 0 |  0 |  1 |  374750
 1 |  7 | 14 | 3624750
 1 |  7 | 15 | 3874750
 0 |  4 |  9 | 2374750
 2 | 10 | 20 |   10000
 1 |  8 | 16 | 4124750
 0 |  3 |  6 | 1624750
 0 |  3 |  7 | 1874750
 1 |  8 | 17 | 4374750
 1 |  9 | 18 | 4624750
 0 |  0 |  0 |  124750
 1 |  9 | 19 | 4874750
(21 rows)

-- If it's not a superset, redistribution is needed.
explain select a, sum(d) from olap_test group by a;
                                              QUERY PLAN                                               
-------------------------------------------------------------------------------------------------------
 Gather Motion 3:1  (slice2; segments: 3)  (cost=0.00..431.55 rows=3 width=12)
   ->  Finalize GroupAggregate  (cost=0.00..431.55 rows=1 width=12)
         Group Key: a
         ->  Sort  (cost=0.00..431.55 rows=1 width=12)
               Sort Key: a
               ->  Redistribute Motion 3:3  (slice1; segments: 3)  (cost=0.00..431.55 rows=1 width=12)
                     Hash Key: a
                     ->  Streaming Partial HashAggregate  (cost=0.00..431.55 rows=1 width=12)
                           Group Key: a
                           ->  Seq Scan on olap_test  (cost=0.00..431.08 rows=3334 width=8)
 Optimizer: Pivotal Optimizer (GPORCA) version 3.83.0
(11 rows)

select a, sum(d) from olap_test group by a;
 a |   sum    
---+----------
 2 |    10000
 1 | 37497500
 0 | 12497500
(3 rows)

-- Two-phase plain agg
explain select sum(d) from olap_test;
                                     QUERY PLAN                                     
------------------------------------------------------------------------------------
 Finalize Aggregate  (cost=0.00..431.11 rows=1 width=8)
   ->  Gather Motion 3:1  (slice1; segments: 3)  (cost=0.00..431.11 rows=1 width=8)
         ->  Partial Aggregate  (cost=0.00..431.11 rows=1 width=8)
               ->  Seq Scan on olap_test  (cost=0.00..431.08 rows=3334 width=4)
 Optimizer: Pivotal Optimizer (GPORCA) version 3.79.1
(5 rows)

select sum(d) from olap_test;
   sum    
----------
 50005000
(1 row)

--
-- DISTINCT aggregates
--
-- If the DISTINCT argument matches the distribution key, two-stage aggregation
-- is possible.
explain select sum(distinct a) from olap_test_single;
                                      QUERY PLAN                                       
---------------------------------------------------------------------------------------
 Finalize Aggregate  (cost=0.00..431.17 rows=1 width=8)
   ->  Gather Motion 3:1  (slice1; segments: 3)  (cost=0.00..431.17 rows=1 width=8)
         ->  Partial Aggregate  (cost=0.00..431.17 rows=1 width=8)
               ->  Seq Scan on olap_test_single  (cost=0.00..431.13 rows=3334 width=4)
 Optimizer: Pivotal Optimizer (GPORCA) version 3.79.1
(5 rows)

select sum(distinct a) from olap_test_single;
 sum 
-----
   3
(1 row)

-- Otherwise, need a more complicated plans
explain select sum(distinct b) from olap_test_single;
                                               QUERY PLAN                                                
---------------------------------------------------------------------------------------------------------
 Finalize Aggregate  (cost=0.00..431.15 rows=1 width=8)
   ->  Gather Motion 3:1  (slice2; segments: 3)  (cost=0.00..431.15 rows=1 width=8)
         ->  Partial Aggregate  (cost=0.00..431.15 rows=1 width=8)
               ->  Redistribute Motion 3:3  (slice1; segments: 3)  (cost=0.00..431.15 rows=3334 width=4)
                     Hash Key: b
                     ->  Seq Scan on olap_test_single  (cost=0.00..431.08 rows=3334 width=4)
 Optimizer: Pivotal Optimizer (GPORCA) version 3.79.1
(7 rows)

select sum(distinct b) from olap_test_single;
 sum 
-----
  55
(1 row)

-- If there are a lot of distinct values, then the preliminary aggregation and
-- redistribution steps are not worth the trouble, it's cheaper to just gather
-- all the input
explain select sum(distinct d) from olap_test_single;
                                               QUERY PLAN                                                
---------------------------------------------------------------------------------------------------------
 Finalize Aggregate  (cost=0.00..431.15 rows=1 width=8)
   ->  Gather Motion 3:1  (slice1; segments: 3)  (cost=0.00..431.15 rows=1 width=8)
         ->  Partial Aggregate  (cost=0.00..431.15 rows=1 width=8)
               ->  Redistribute Motion 3:3  (slice2; segments: 3)  (cost=0.00..431.15 rows=3334 width=4)
                     Hash Key: d
                     ->  Seq Scan on olap_test_single  (cost=0.00..431.08 rows=3334 width=4)
 Optimizer: Pivotal Optimizer (GPORCA) version 3.88.0
(7 rows)

select sum(distinct d) from olap_test_single;
   sum    
----------
 50005000
(1 row)

--
-- GROUPING SETS
--
-- If the query produces a relatively small number of groups in comparison to
-- the number of input rows, two-stage aggregation will be picked.
explain select a, b, c, sum(d) from olap_test group by grouping sets((a, b), (a), (b, c));
                                           QUERY PLAN                                            
-------------------------------------------------------------------------------------------------
 Finalize GroupAggregate  (cost=1778.10..1804.80 rows=267 width=20)
   Group Key: (GROUPINGSET_ID()), a, b, c
   ->  Sort  (cost=1778.10..1782.11 rows=1602 width=20)
         Sort Key: (GROUPINGSET_ID()), a, b, c
         ->  Gather Motion 3:1  (slice1; segments: 3)  (cost=780.39..1692.83 rows=1602 width=20)
               ->  Partial GroupAggregate  (cost=780.39..1660.79 rows=534 width=20)
                     Group Key: a, b
                     Group Key: a
                     Sort Key: b, c
                       Group Key: b, c
                     ->  Sort  (cost=780.39..805.39 rows=3334 width=16)
                           Sort Key: a, b
                           ->  Seq Scan on olap_test  (cost=0.00..116.00 rows=3334 width=16)
 Optimizer: Postgres query optimizer
(14 rows)

select a, b, c, sum(d) from olap_test group by grouping sets((a, b), (a), (b, c));
 a | b  | c  |   sum    
---+----+----+----------
 0 |  0 |    |   499500
 0 |  1 |    |  1499500
 0 |  2 |    |  2499500
 0 |  3 |    |  3499500
 0 |  4 |    |  4499500
 1 |  5 |    |  5499500
 1 |  6 |    |  6499500
 1 |  7 |    |  7499500
 1 |  8 |    |  8499500
 1 |  9 |    |  9499500
 2 | 10 |    |    10000
 0 |    |    | 12497500
 1 |    |    | 37497500
 2 |    |    |    10000
   |  0 |  0 |   124750
   |  0 |  1 |   374750
   |  1 |  2 |   624750
   |  1 |  3 |   874750
   |  2 |  4 |  1124750
   |  2 |  5 |  1374750
   |  3 |  6 |  1624750
   |  3 |  7 |  1874750
   |  4 |  8 |  2124750
   |  4 |  9 |  2374750
   |  5 | 10 |  2624750
   |  5 | 11 |  2874750
   |  6 | 12 |  3124750
   |  6 | 13 |  3374750
   |  7 | 14 |  3624750
   |  7 | 15 |  3874750
   |  8 | 16 |  4124750
   |  8 | 17 |  4374750
   |  9 | 18 |  4624750
   |  9 | 19 |  4874750
   | 10 | 20 |    10000
(35 rows)

-- If the query produces a relatively large number of groups in comparison to
-- the number of input rows, one-stage aggregation will be picked.
explain select a, b, d, sum(d) from olap_test group by grouping sets((a, b), (a), (b, d));
                                         QUERY PLAN                                         
--------------------------------------------------------------------------------------------
 GroupAggregate  (cost=780.39..2045.49 rows=20072 width=20)
   Group Key: a, b
   Group Key: a
   Sort Key: b, d
     Group Key: b, d
   ->  Gather Motion 3:1  (slice1; segments: 3)  (cost=780.39..1005.39 rows=10000 width=12)
         Merge Key: a, b
         ->  Sort  (cost=780.39..805.39 rows=3334 width=12)
               Sort Key: a, b
               ->  Seq Scan on olap_test  (cost=0.00..116.00 rows=3334 width=12)
 Optimizer: Postgres query optimizer
(11 rows)

-- do not execute this query as it would produce too many tuples.
